<?xml version="1.0" encoding="utf-8"?>
<coverage line-rate="0.9629000000000001" branch-rate="0.9229999999999999" version="1.9" timestamp="1732229524" lines-covered="78" lines-valid="81" branches-covered="24" branches-valid="26">
  <sources>
    <source>C:\Users\victo\OneDrive\Ambiente de Trabalho\NubankChallenge\CapitalGains\</source>
  </sources>
  <packages>
    <package name="CapitalGains.Application" line-rate="0.9531000000000001" branch-rate="0.9" complexity="26">
      <classes>
        <class name="CapitalGains.Application.Services.Handlers.OperationHandler" filename="CapitalGains.Application\Services\Handlers\OperationHandler.cs" line-rate="1" branch-rate="1" complexity="14">
          <methods>
            <method name="HandleBuyOperation" signature="(CapitalGains.Core.Entities.Operation&amp;,System.Double&amp;,System.Int32&amp;)" line-rate="1" branch-rate="1" complexity="1">
              <lines>
                <line number="12" hits="1" branch="False" />
                <line number="13" hits="1" branch="False" />
                <line number="14" hits="1" branch="False" />
                <line number="15" hits="1" branch="False" />
              </lines>
            </method>
            <method name="HandleSellOperation" signature="(CapitalGains.Core.Entities.Operation&amp;,System.Double&amp;,System.Int32&amp;,System.Double&amp;)" line-rate="1" branch-rate="1" complexity="10">
              <lines>
                <line number="18" hits="4" branch="False" />
                <line number="19" hits="4" branch="True" condition-coverage="100% (2/2)">
                  <conditions>
                    <condition number="14" type="jump" coverage="100%" />
                  </conditions>
                </line>
                <line number="20" hits="1" branch="False" />
                <line number="22" hits="3" branch="False" />
                <line number="23" hits="3" branch="False" />
                <line number="25" hits="3" branch="True" condition-coverage="100% (2/2)">
                  <conditions>
                    <condition number="74" type="jump" coverage="100%" />
                  </conditions>
                </line>
                <line number="26" hits="2" branch="False" />
                <line number="27" hits="2" branch="False" />
                <line number="29" hits="2" branch="True" condition-coverage="100% (4/4)">
                  <conditions>
                    <condition number="93" type="jump" coverage="100%" />
                    <condition number="127" type="jump" coverage="100%" />
                  </conditions>
                </line>
                <line number="30" hits="1" branch="False" />
                <line number="32" hits="1" branch="False" />
                <line number="33" hits="2" branch="False" />
                <line number="34" hits="1" branch="True" condition-coverage="100% (2/2)">
                  <conditions>
                    <condition number="167" type="jump" coverage="100%" />
                  </conditions>
                </line>
                <line number="35" hits="1" branch="False" />
                <line number="36" hits="1" branch="False" />
                <line number="37" hits="1" branch="False" />
                <line number="38" hits="3" branch="False" />
              </lines>
            </method>
            <method name="CalculateWeightedAverage" signature="(System.Int32,System.Double,System.Int32,System.Double)" line-rate="1" branch-rate="1" complexity="1">
              <lines>
                <line number="42" hits="1" branch="False" />
                <line number="43" hits="1" branch="False" />
                <line number="44" hits="1" branch="False" />
              </lines>
            </method>
            <method name="CalculateBalance" signature="(System.Int32,System.Double,System.Double)" line-rate="1" branch-rate="1" complexity="1">
              <lines>
                <line number="47" hits="3" branch="False" />
                <line number="48" hits="3" branch="False" />
                <line number="49" hits="3" branch="False" />
              </lines>
            </method>
            <method name="CalculateTax" signature="(System.Double)" line-rate="1" branch-rate="1" complexity="1">
              <lines>
                <line number="52" hits="1" branch="False" />
                <line number="53" hits="1" branch="False" />
                <line number="54" hits="1" branch="False" />
              </lines>
            </method>
          </methods>
          <lines>
            <line number="12" hits="1" branch="False" />
            <line number="13" hits="1" branch="False" />
            <line number="14" hits="1" branch="False" />
            <line number="15" hits="1" branch="False" />
            <line number="18" hits="4" branch="False" />
            <line number="19" hits="4" branch="True" condition-coverage="100% (2/2)">
              <conditions>
                <condition number="14" type="jump" coverage="100%" />
              </conditions>
            </line>
            <line number="20" hits="1" branch="False" />
            <line number="22" hits="3" branch="False" />
            <line number="23" hits="3" branch="False" />
            <line number="25" hits="3" branch="True" condition-coverage="100% (2/2)">
              <conditions>
                <condition number="74" type="jump" coverage="100%" />
              </conditions>
            </line>
            <line number="26" hits="2" branch="False" />
            <line number="27" hits="2" branch="False" />
            <line number="29" hits="2" branch="True" condition-coverage="100% (4/4)">
              <conditions>
                <condition number="93" type="jump" coverage="100%" />
                <condition number="127" type="jump" coverage="100%" />
              </conditions>
            </line>
            <line number="30" hits="1" branch="False" />
            <line number="32" hits="1" branch="False" />
            <line number="33" hits="2" branch="False" />
            <line number="34" hits="1" branch="True" condition-coverage="100% (2/2)">
              <conditions>
                <condition number="167" type="jump" coverage="100%" />
              </conditions>
            </line>
            <line number="35" hits="1" branch="False" />
            <line number="36" hits="1" branch="False" />
            <line number="37" hits="1" branch="False" />
            <line number="38" hits="3" branch="False" />
            <line number="42" hits="1" branch="False" />
            <line number="43" hits="1" branch="False" />
            <line number="44" hits="1" branch="False" />
            <line number="47" hits="3" branch="False" />
            <line number="48" hits="3" branch="False" />
            <line number="49" hits="3" branch="False" />
            <line number="52" hits="1" branch="False" />
            <line number="53" hits="1" branch="False" />
            <line number="54" hits="1" branch="False" />
          </lines>
        </class>
        <class name="CapitalGains.Application.Services.Consoles.OperationConsole" filename="CapitalGains.Application\Services\Consoles\OperationConsole.cs" line-rate="0.8845999999999999" branch-rate="0.875" complexity="8">
          <methods>
            <method name="ReadInput" signature="(System.Collections.Generic.List`1&lt;System.Collections.Generic.List`1&lt;CapitalGains.Core.Entities.Operation&gt;&gt;&amp;)" line-rate="0.8125" branch-rate="0.8332999999999999" complexity="6">
              <lines>
                <line number="11" hits="3" branch="False" />
                <line number="15" hits="3" branch="False" />
                <line number="16" hits="6" branch="True" condition-coverage="100% (2/2)">
                  <conditions>
                    <condition number="99" type="jump" coverage="100%" />
                  </conditions>
                </line>
                <line number="17" hits="4" branch="False" />
                <line number="18" hits="4" branch="False" />
                <line number="20" hits="3" branch="True" condition-coverage="75% (3/4)">
                  <conditions>
                    <condition number="13" type="jump" coverage="50%" />
                    <condition number="29" type="jump" coverage="100%" />
                  </conditions>
                </line>
                <line number="21" hits="6" branch="False" />
                <line number="22" hits="3" branch="False" />
                <line number="23" hits="2" branch="False" />
                <line number="24" hits="0" branch="False" />
                <line number="25" hits="0" branch="False" />
                <line number="26" hits="0" branch="False" />
                <line number="28" hits="1" branch="False" />
                <line number="29" hits="1" branch="False" />
                <line number="30" hits="1" branch="False" />
                <line number="32" hits="2" branch="False" />
              </lines>
            </method>
            <method name="WriteOutput" signature="(System.Collections.Generic.List`1&lt;System.Collections.Generic.List`1&lt;CapitalGains.Core.Entities.Operation&gt;&gt;&amp;)" line-rate="1" branch-rate="1" complexity="2">
              <lines>
                <line number="35" hits="2" branch="False" />
                <line number="37" hits="2" branch="False" />
                <line number="38" hits="13" branch="False" />
                <line number="40" hits="2" branch="True" condition-coverage="100% (2/2)">
                  <conditions>
                    <condition number="49" type="jump" coverage="100%" />
                  </conditions>
                </line>
                <line number="41" hits="2" branch="False" />
                <line number="42" hits="1" branch="False" />
                <line number="43" hits="1" branch="False" />
                <line number="44" hits="1" branch="False" />
                <line number="45" hits="1" branch="False" />
                <line number="47" hits="1" branch="False" />
              </lines>
            </method>
          </methods>
          <lines>
            <line number="11" hits="3" branch="False" />
            <line number="15" hits="3" branch="False" />
            <line number="16" hits="6" branch="True" condition-coverage="100% (2/2)">
              <conditions>
                <condition number="99" type="jump" coverage="100%" />
              </conditions>
            </line>
            <line number="17" hits="4" branch="False" />
            <line number="18" hits="4" branch="False" />
            <line number="20" hits="3" branch="True" condition-coverage="75% (3/4)">
              <conditions>
                <condition number="13" type="jump" coverage="50%" />
                <condition number="29" type="jump" coverage="100%" />
              </conditions>
            </line>
            <line number="21" hits="6" branch="False" />
            <line number="22" hits="3" branch="False" />
            <line number="23" hits="2" branch="False" />
            <line number="24" hits="0" branch="False" />
            <line number="25" hits="0" branch="False" />
            <line number="26" hits="0" branch="False" />
            <line number="28" hits="1" branch="False" />
            <line number="29" hits="1" branch="False" />
            <line number="30" hits="1" branch="False" />
            <line number="32" hits="2" branch="False" />
            <line number="35" hits="2" branch="False" />
            <line number="37" hits="2" branch="False" />
            <line number="38" hits="13" branch="False" />
            <line number="40" hits="2" branch="True" condition-coverage="100% (2/2)">
              <conditions>
                <condition number="49" type="jump" coverage="100%" />
              </conditions>
            </line>
            <line number="41" hits="2" branch="False" />
            <line number="42" hits="1" branch="False" />
            <line number="43" hits="1" branch="False" />
            <line number="44" hits="1" branch="False" />
            <line number="45" hits="1" branch="False" />
            <line number="47" hits="1" branch="False" />
          </lines>
        </class>
        <class name="CapitalGains.UI.DTOs.OperationOutput" filename="CapitalGains.Application\DTOs\OperationOutput.cs" line-rate="1" branch-rate="1" complexity="1">
          <methods>
            <method name=".ctor" signature="(System.Double)" line-rate="1" branch-rate="1" complexity="1">
              <lines>
                <line number="6" hits="7" branch="False" />
                <line number="10" hits="7" branch="False" />
              </lines>
            </method>
          </methods>
          <lines>
            <line number="6" hits="7" branch="False" />
            <line number="10" hits="7" branch="False" />
          </lines>
        </class>
        <class name="CapitalGains.UI.DTOs.Converters.DoubleWithTwoDecimalsConverter" filename="CapitalGains.Application\DTOs\Converters\DoubleWithTwoDecimalsConverter.cs" line-rate="1" branch-rate="0.5" complexity="3">
          <methods>
            <method name="ReadJson" signature="(Newtonsoft.Json.JsonReader,System.Type,System.Double,System.Boolean,Newtonsoft.Json.JsonSerializer)" line-rate="1" branch-rate="0.5" complexity="2">
              <lines>
                <line number="8" hits="1" branch="False" />
                <line number="9" hits="1" branch="True" condition-coverage="50% (1/2)">
                  <conditions>
                    <condition number="7" type="jump" coverage="50%" />
                  </conditions>
                </line>
                <line number="10" hits="1" branch="False" />
              </lines>
            </method>
            <method name="WriteJson" signature="(Newtonsoft.Json.JsonWriter,System.Double,Newtonsoft.Json.JsonSerializer)" line-rate="1" branch-rate="1" complexity="1">
              <lines>
                <line number="13" hits="8" branch="False" />
                <line number="14" hits="8" branch="False" />
                <line number="15" hits="8" branch="False" />
              </lines>
            </method>
          </methods>
          <lines>
            <line number="8" hits="1" branch="False" />
            <line number="9" hits="1" branch="True" condition-coverage="50% (1/2)">
              <conditions>
                <condition number="7" type="jump" coverage="50%" />
              </conditions>
            </line>
            <line number="10" hits="1" branch="False" />
            <line number="13" hits="8" branch="False" />
            <line number="14" hits="8" branch="False" />
            <line number="15" hits="8" branch="False" />
          </lines>
        </class>
      </classes>
    </package>
    <package name="CapitalGains.Core" line-rate="1" branch-rate="1" complexity="10">
      <classes>
        <class name="CapitalGains.Core.Entities.Operation" filename="CapitalGains.Core\Entities\Operation.cs" line-rate="1" branch-rate="1" complexity="10">
          <methods>
            <method name="get_OperationType" signature="()" line-rate="1" branch-rate="1" complexity="1">
              <lines>
                <line number="7" hits="11" branch="False" />
              </lines>
            </method>
            <method name="get_UnitCost" signature="()" line-rate="1" branch-rate="1" complexity="1">
              <lines>
                <line number="8" hits="20" branch="False" />
              </lines>
            </method>
            <method name="get_Quantity" signature="()" line-rate="1" branch-rate="1" complexity="1">
              <lines>
                <line number="9" hits="24" branch="False" />
              </lines>
            </method>
            <method name="get_Tax" signature="()" line-rate="1" branch-rate="1" complexity="1">
              <lines>
                <line number="10" hits="38" branch="False" />
              </lines>
            </method>
            <method name=".ctor" signature="(CapitalGains.Core.Entities.Enums.OperationType,System.Double,System.Int32,System.Double)" line-rate="1" branch-rate="1" complexity="6">
              <lines>
                <line number="12" hits="24" branch="False" />
                <line number="13" hits="24" branch="False" />
                <line number="14" hits="24" branch="True" condition-coverage="100% (2/2)">
                  <conditions>
                    <condition number="25" type="jump" coverage="100%" />
                  </conditions>
                </line>
                <line number="15" hits="1" branch="False" />
                <line number="17" hits="23" branch="True" condition-coverage="100% (2/2)">
                  <conditions>
                    <condition number="47" type="jump" coverage="100%" />
                  </conditions>
                </line>
                <line number="18" hits="1" branch="False" />
                <line number="20" hits="22" branch="True" condition-coverage="100% (2/2)">
                  <conditions>
                    <condition number="75" type="jump" coverage="100%" />
                  </conditions>
                </line>
                <line number="21" hits="1" branch="False" />
                <line number="23" hits="21" branch="False" />
                <line number="24" hits="21" branch="False" />
                <line number="25" hits="21" branch="False" />
                <line number="26" hits="21" branch="False" />
                <line number="27" hits="21" branch="False" />
              </lines>
            </method>
          </methods>
          <lines>
            <line number="7" hits="11" branch="False" />
            <line number="8" hits="20" branch="False" />
            <line number="9" hits="24" branch="False" />
            <line number="10" hits="38" branch="False" />
            <line number="12" hits="24" branch="False" />
            <line number="13" hits="24" branch="False" />
            <line number="14" hits="24" branch="True" condition-coverage="100% (2/2)">
              <conditions>
                <condition number="25" type="jump" coverage="100%" />
              </conditions>
            </line>
            <line number="15" hits="1" branch="False" />
            <line number="17" hits="23" branch="True" condition-coverage="100% (2/2)">
              <conditions>
                <condition number="47" type="jump" coverage="100%" />
              </conditions>
            </line>
            <line number="18" hits="1" branch="False" />
            <line number="20" hits="22" branch="True" condition-coverage="100% (2/2)">
              <conditions>
                <condition number="75" type="jump" coverage="100%" />
              </conditions>
            </line>
            <line number="21" hits="1" branch="False" />
            <line number="23" hits="21" branch="False" />
            <line number="24" hits="21" branch="False" />
            <line number="25" hits="21" branch="False" />
            <line number="26" hits="21" branch="False" />
            <line number="27" hits="21" branch="False" />
          </lines>
        </class>
      </classes>
    </package>
  </packages>
</coverage>